GET -- / --484ms -- Mozilla/5.0 (Windows NT 10.0; Win64; x64) AppleWebKit/537.36 (KHTML, like Gecko) Chrome/90.0.4430.93 Safari/537.36 -- 1625849401941
GET -- / --3ms -- Mozilla/5.0 (Windows NT 10.0; Win64; x64) AppleWebKit/537.36 (KHTML, like Gecko) Chrome/90.0.4430.93 Safari/537.36 -- 1625994838854
GET -- /favicon.ico --0ms -- Mozilla/5.0 (Windows NT 10.0; Win64; x64) AppleWebKit/537.36 (KHTML, like Gecko) Chrome/90.0.4430.93 Safari/537.36 -- 1625994839720
GET -- / --1ms -- Mozilla/5.0 (Windows NT 10.0; Win64; x64) AppleWebKit/537.36 (KHTML, like Gecko) Chrome/90.0.4430.93 Safari/537.36 -- 1625994860790
GET -- / --1ms -- Mozilla/5.0 (Windows NT 10.0; Win64; x64) AppleWebKit/537.36 (KHTML, like Gecko) Chrome/90.0.4430.93 Safari/537.36 -- 1625996970541
GET -- /user --2ms -- Mozilla/5.0 (Windows NT 10.0; Win64; x64) AppleWebKit/537.36 (KHTML, like Gecko) Chrome/90.0.4430.93 Safari/537.36 -- 1625997117333
GET -- /user --0ms -- Mozilla/5.0 (Windows NT 10.0; Win64; x64) AppleWebKit/537.36 (KHTML, like Gecko) Chrome/90.0.4430.93 Safari/537.36 -- 1625997120234
GET -- /user --0ms -- Mozilla/5.0 (Windows NT 10.0; Win64; x64) AppleWebKit/537.36 (KHTML, like Gecko) Chrome/90.0.4430.93 Safari/537.36 -- 1625997121196
GET -- /user --2ms -- Mozilla/5.0 (Windows NT 10.0; Win64; x64) AppleWebKit/537.36 (KHTML, like Gecko) Chrome/90.0.4430.93 Safari/537.36 -- 1625997625539
GET -- / --1ms -- Mozilla/5.0 (Windows NT 10.0; Win64; x64) AppleWebKit/537.36 (KHTML, like Gecko) Chrome/90.0.4430.93 Safari/537.36 -- 1625997633342
GET -- /user --2ms -- Mozilla/5.0 (Windows NT 10.0; Win64; x64) AppleWebKit/537.36 (KHTML, like Gecko) Chrome/90.0.4430.93 Safari/537.36 -- 1626007508026
GET -- /user --1ms -- Mozilla/5.0 (Windows NT 10.0; Win64; x64) AppleWebKit/537.36 (KHTML, like Gecko) Chrome/90.0.4430.93 Safari/537.36 -- 1626007509400
GET -- /api/users --0ms -- Mozilla/5.0 (Windows NT 10.0; Win64; x64) AppleWebKit/537.36 (KHTML, like Gecko) Chrome/90.0.4430.93 Safari/537.36 -- 1626007537157
GET -- /api/users --2ms -- Mozilla/5.0 (Windows NT 10.0; Win64; x64) AppleWebKit/537.36 (KHTML, like Gecko) Chrome/90.0.4430.93 Safari/537.36 -- 1626007661886
POST -- /api/users --1ms -- PostmanRuntime/7.26.10 -- 1626009620445
POST -- /api/users --0ms -- PostmanRuntime/7.26.10 -- 1626009680873
GET -- /api/users --0ms -- PostmanRuntime/7.26.10 -- 1626009871626
GET -- /api/users --0ms -- PostmanRuntime/7.26.10 -- 1626013573159
POST -- /api/users --1ms -- PostmanRuntime/7.26.10 -- 1626016299096
POST -- /api/users --1ms -- PostmanRuntime/7.26.10 -- 1626016371461
POST -- /api/users --1ms -- PostmanRuntime/7.26.10 -- 1626016839186
POST -- /api/users --0ms -- PostmanRuntime/7.26.10 -- 1626016840077
POST -- /api/users --0ms -- PostmanRuntime/7.26.10 -- 1626016840672
POST -- /api/users --0ms -- PostmanRuntime/7.26.10 -- 1626016841252
POST -- /api/users --0ms -- PostmanRuntime/7.26.10 -- 1626016853660
POST -- /api/users --2ms -- PostmanRuntime/7.26.10 -- 1626017014995
POST -- /api/users --1ms -- PostmanRuntime/7.26.10 -- 1626017511532
POST -- /api/users --2ms -- PostmanRuntime/7.26.10 -- 1626020880414
POST -- /api/users --2ms -- PostmanRuntime/7.26.10 -- 1626021296744
POST -- /api/users --0ms -- PostmanRuntime/7.26.10 -- 1626021307863
POST -- /api/users --2ms -- PostmanRuntime/7.26.10 -- 1626021821322
POST -- /api/users --1ms -- PostmanRuntime/7.26.10 -- 1626021857064
POST -- /api/users --2ms -- PostmanRuntime/7.26.10 -- 1626021986557
POST -- /api/users --1ms -- PostmanRuntime/7.28.1 -- 1626181683670
POST -- /api/users --0ms -- PostmanRuntime/7.28.1 -- 1626181754888
POST -- /api/users --1ms -- PostmanRuntime/7.28.1 -- 1626182003338
POST -- /api/users --2ms -- PostmanRuntime/7.28.1 -- 1626182050895
POST -- /api/users --0ms -- PostmanRuntime/7.28.1 -- 1626182061131
POST -- /api/users --1ms -- PostmanRuntime/7.28.1 -- 1626182111817
POST -- /api/users --1ms -- PostmanRuntime/7.28.1 -- 1626182370879
POST -- /api/users --1ms -- PostmanRuntime/7.28.1 -- 1626182637932
POST -- /api/users --1ms -- PostmanRuntime/7.28.1 -- 1626182713308
POST -- /api/users --18ms -- PostmanRuntime/7.28.1 -- 1626186334452
POST -- /api/users --8ms -- PostmanRuntime/7.28.1 -- 1626186452997
POST -- /api/users --18ms -- PostmanRuntime/7.28.1 -- 1626186494946
POST -- /api/users --16ms -- PostmanRuntime/7.28.1 -- 1626186519457
POST -- /api/users --14ms -- PostmanRuntime/7.28.1 -- 1626186579908
POST -- /api/users --17ms -- PostmanRuntime/7.28.1 -- 1626186644604
POST -- /api/users --20ms -- PostmanRuntime/7.28.1 -- 1626187021866
POST -- /api/users --25ms -- PostmanRuntime/7.28.1 -- 1626188096597
POST -- /api/users --23ms -- PostmanRuntime/7.28.1 -- 1626188892760
POST -- /api/users --11ms -- PostmanRuntime/7.28.1 -- 1626188965081
POST -- /api/users --13ms -- PostmanRuntime/7.28.1 -- 1626189035114
POST -- /api/users --14ms -- PostmanRuntime/7.28.1 -- 1626189070242
POST -- /api/users --34ms -- PostmanRuntime/7.28.1 -- 1626192246944
POST -- /api/users --19ms -- PostmanRuntime/7.28.1 -- 1626192801045
