2021-12-07 23:48:46,451 INFO 12728 [Timer] D:\学海无涯\react--project（eggs）\project\-Node-React\node-server\node_server\node_modules\egg-multipart\app\schedule\clean_tmpdir.js next time will execute after 16873553ms at 2021-12-08 04:30:00.004
2021-12-07 23:48:46,452 INFO 12728 [Timer] D:\学海无涯\react--project（eggs）\project\-Node-React\node-server\node_server\node_modules\egg-logrotator\app\schedule\clean_log.js next time will execute after 673549ms at 2021-12-08 00:00:00.001
2021-12-07 23:48:46,452 INFO 12728 [Timer] D:\学海无涯\react--project（eggs）\project\-Node-React\node-server\node_server\node_modules\egg-logrotator\app\schedule\rotate_by_file.js next time will execute after 674548ms at 2021-12-08 00:00:01.000
2021-12-07 23:48:45,876 INFO 7248 [egg-schedule]: register schedule D:\学海无涯\react--project（eggs）\project\-Node-React\node-server\node_server\node_modules\egg-multipart\app\schedule\clean_tmpdir.js
2021-12-07 23:48:45,876 INFO 7248 [egg-schedule]: register schedule D:\学海无涯\react--project（eggs）\project\-Node-React\node-server\node_server\node_modules\egg-logrotator\app\schedule\clean_log.js
2021-12-07 23:48:45,876 INFO 7248 [egg-schedule]: register schedule D:\学海无涯\react--project（eggs）\project\-Node-React\node-server\node_server\node_modules\egg-logrotator\app\schedule\rotate_by_file.js
2021-12-07 23:55:54,407 INFO 12008 [egg-schedule]: register schedule D:\学海无涯\react--project（eggs）\project\-Node-React\node-server\node_server\node_modules\egg-multipart\app\schedule\clean_tmpdir.js
2021-12-07 23:55:54,407 INFO 12008 [egg-schedule]: register schedule D:\学海无涯\react--project（eggs）\project\-Node-React\node-server\node_server\node_modules\egg-logrotator\app\schedule\clean_log.js
2021-12-07 23:55:54,407 INFO 12008 [egg-schedule]: register schedule D:\学海无涯\react--project（eggs）\project\-Node-React\node-server\node_server\node_modules\egg-logrotator\app\schedule\rotate_by_file.js
2021-12-08 00:00:00,018 INFO 12728 [Timer] D:\学海无涯\react--project（eggs）\project\-Node-React\node-server\node_server\node_modules\egg-logrotator\app\schedule\clean_log.js next time will execute after 86399984ms at 2021-12-09 00:00:00.002
2021-12-08 00:00:00,017 INFO 12008 [Job#16388928000165613804825118001] D:\学海无涯\react--project（eggs）\project\-Node-React\node-server\node_server\node_modules\egg-logrotator\app\schedule\clean_log.js executing by app
2021-12-08 00:00:00,022 INFO 12008 [Job#16388928000165613804825118001] D:\学海无涯\react--project（eggs）\project\-Node-React\node-server\node_server\node_modules\egg-logrotator\app\schedule\clean_log.js execute succeed, used 4ms. 
2021-12-08 00:00:01,015 INFO 12728 [Timer] D:\学海无涯\react--project（eggs）\project\-Node-React\node-server\node_server\node_modules\egg-logrotator\app\schedule\rotate_by_file.js next time will execute after 86399987ms at 2021-12-09 00:00:01.002
2021-12-08 00:00:01,014 INFO 12008 [Job#16388928010135613814799943001] D:\学海无涯\react--project（eggs）\project\-Node-React\node-server\node_server\node_modules\egg-logrotator\app\schedule\rotate_by_file.js executing by app
2021-12-08 00:00:01,020 INFO 12008 [Job#16388928010135613814799943001] D:\学海无涯\react--project（eggs）\project\-Node-React\node-server\node_server\node_modules\egg-logrotator\app\schedule\rotate_by_file.js execute succeed, used 6ms. 
2021-12-08 16:41:13,548 INFO 17304 [egg-schedule]: register schedule D:\学海无涯\react--project（eggs）\project\-Node-React\node-server\node_server\node_modules\egg-multipart\app\schedule\clean_tmpdir.js
2021-12-08 16:41:13,548 INFO 17304 [egg-schedule]: register schedule D:\学海无涯\react--project（eggs）\project\-Node-React\node-server\node_server\node_modules\egg-logrotator\app\schedule\clean_log.js
2021-12-08 16:41:13,548 INFO 17304 [egg-schedule]: register schedule D:\学海无涯\react--project（eggs）\project\-Node-React\node-server\node_server\node_modules\egg-logrotator\app\schedule\rotate_by_file.js
2021-12-08 16:41:14,210 INFO 9872 [Timer] D:\学海无涯\react--project（eggs）\project\-Node-React\node-server\node_server\node_modules\egg-multipart\app\schedule\clean_tmpdir.js next time will execute after 42525795ms at 2021-12-09 04:30:00.004
2021-12-08 16:41:14,210 INFO 9872 [Timer] D:\学海无涯\react--project（eggs）\project\-Node-React\node-server\node_server\node_modules\egg-logrotator\app\schedule\clean_log.js next time will execute after 26325790ms at 2021-12-09 00:00:00.000
2021-12-08 16:41:14,211 INFO 9872 [Timer] D:\学海无涯\react--project（eggs）\project\-Node-React\node-server\node_server\node_modules\egg-logrotator\app\schedule\rotate_by_file.js next time will execute after 26326790ms at 2021-12-09 00:00:01.001
2021-12-08 16:49:55,782 INFO 16132 [egg-schedule]: register schedule D:\学海无涯\react--project（eggs）\project\-Node-React\node-server\node_server\node_modules\egg-multipart\app\schedule\clean_tmpdir.js
2021-12-08 16:49:55,782 INFO 16132 [egg-schedule]: register schedule D:\学海无涯\react--project（eggs）\project\-Node-React\node-server\node_server\node_modules\egg-logrotator\app\schedule\clean_log.js
2021-12-08 16:49:55,782 INFO 16132 [egg-schedule]: register schedule D:\学海无涯\react--project（eggs）\project\-Node-React\node-server\node_server\node_modules\egg-logrotator\app\schedule\rotate_by_file.js
2021-12-08 16:51:00,980 INFO 5788 [egg-schedule]: register schedule D:\学海无涯\react--project（eggs）\project\-Node-React\node-server\node_server\node_modules\egg-multipart\app\schedule\clean_tmpdir.js
2021-12-08 16:51:00,980 INFO 5788 [egg-schedule]: register schedule D:\学海无涯\react--project（eggs）\project\-Node-React\node-server\node_server\node_modules\egg-logrotator\app\schedule\clean_log.js
2021-12-08 16:51:00,980 INFO 5788 [egg-schedule]: register schedule D:\学海无涯\react--project（eggs）\project\-Node-React\node-server\node_server\node_modules\egg-logrotator\app\schedule\rotate_by_file.js
2021-12-08 16:54:43,064 INFO 5832 [egg-schedule]: register schedule D:\学海无涯\react--project（eggs）\project\-Node-React\node-server\node_server\node_modules\egg-multipart\app\schedule\clean_tmpdir.js
2021-12-08 16:54:43,065 INFO 5832 [egg-schedule]: register schedule D:\学海无涯\react--project（eggs）\project\-Node-React\node-server\node_server\node_modules\egg-logrotator\app\schedule\clean_log.js
2021-12-08 16:54:43,065 INFO 5832 [egg-schedule]: register schedule D:\学海无涯\react--project（eggs）\project\-Node-React\node-server\node_server\node_modules\egg-logrotator\app\schedule\rotate_by_file.js
2021-12-08 16:54:46,737 INFO 19576 [egg-schedule]: register schedule D:\学海无涯\react--project（eggs）\project\-Node-React\node-server\node_server\node_modules\egg-multipart\app\schedule\clean_tmpdir.js
2021-12-08 16:54:46,737 INFO 19576 [egg-schedule]: register schedule D:\学海无涯\react--project（eggs）\project\-Node-React\node-server\node_server\node_modules\egg-logrotator\app\schedule\clean_log.js
2021-12-08 16:54:46,737 INFO 19576 [egg-schedule]: register schedule D:\学海无涯\react--project（eggs）\project\-Node-React\node-server\node_server\node_modules\egg-logrotator\app\schedule\rotate_by_file.js
2021-12-08 17:00:17,897 INFO 19436 [egg-schedule]: register schedule D:\学海无涯\react--project（eggs）\project\-Node-React\node-server\node_server\node_modules\egg-multipart\app\schedule\clean_tmpdir.js
2021-12-08 17:00:17,897 INFO 19436 [egg-schedule]: register schedule D:\学海无涯\react--project（eggs）\project\-Node-React\node-server\node_server\node_modules\egg-logrotator\app\schedule\clean_log.js
2021-12-08 17:00:17,897 INFO 19436 [egg-schedule]: register schedule D:\学海无涯\react--project（eggs）\project\-Node-React\node-server\node_server\node_modules\egg-logrotator\app\schedule\rotate_by_file.js
2021-12-08 17:00:25,096 INFO 20376 [egg-schedule]: register schedule D:\学海无涯\react--project（eggs）\project\-Node-React\node-server\node_server\node_modules\egg-multipart\app\schedule\clean_tmpdir.js
2021-12-08 17:00:25,096 INFO 20376 [egg-schedule]: register schedule D:\学海无涯\react--project（eggs）\project\-Node-React\node-server\node_server\node_modules\egg-logrotator\app\schedule\clean_log.js
2021-12-08 17:00:25,096 INFO 20376 [egg-schedule]: register schedule D:\学海无涯\react--project（eggs）\project\-Node-React\node-server\node_server\node_modules\egg-logrotator\app\schedule\rotate_by_file.js
2021-12-08 17:00:26,951 INFO 20280 [egg-schedule]: register schedule D:\学海无涯\react--project（eggs）\project\-Node-React\node-server\node_server\node_modules\egg-multipart\app\schedule\clean_tmpdir.js
2021-12-08 17:00:26,951 INFO 20280 [egg-schedule]: register schedule D:\学海无涯\react--project（eggs）\project\-Node-React\node-server\node_server\node_modules\egg-logrotator\app\schedule\clean_log.js
2021-12-08 17:00:26,951 INFO 20280 [egg-schedule]: register schedule D:\学海无涯\react--project（eggs）\project\-Node-React\node-server\node_server\node_modules\egg-logrotator\app\schedule\rotate_by_file.js
2021-12-08 17:15:49,355 INFO 7716 [egg-schedule]: register schedule D:\学海无涯\react--project（eggs）\project\-Node-React\node-server\node_server\node_modules\egg-multipart\app\schedule\clean_tmpdir.js
2021-12-08 17:15:49,355 INFO 7716 [egg-schedule]: register schedule D:\学海无涯\react--project（eggs）\project\-Node-React\node-server\node_server\node_modules\egg-logrotator\app\schedule\clean_log.js
2021-12-08 17:15:49,355 INFO 7716 [egg-schedule]: register schedule D:\学海无涯\react--project（eggs）\project\-Node-React\node-server\node_server\node_modules\egg-logrotator\app\schedule\rotate_by_file.js
2021-12-08 17:20:57,256 INFO 19824 [egg-schedule]: register schedule D:\学海无涯\react--project（eggs）\project\-Node-React\node-server\node_server\node_modules\egg-multipart\app\schedule\clean_tmpdir.js
2021-12-08 17:20:57,256 INFO 19824 [egg-schedule]: register schedule D:\学海无涯\react--project（eggs）\project\-Node-React\node-server\node_server\node_modules\egg-logrotator\app\schedule\clean_log.js
2021-12-08 17:20:57,256 INFO 19824 [egg-schedule]: register schedule D:\学海无涯\react--project（eggs）\project\-Node-React\node-server\node_server\node_modules\egg-logrotator\app\schedule\rotate_by_file.js
2021-12-08 17:21:06,399 INFO 20296 [egg-schedule]: register schedule D:\学海无涯\react--project（eggs）\project\-Node-React\node-server\node_server\node_modules\egg-multipart\app\schedule\clean_tmpdir.js
2021-12-08 17:21:06,399 INFO 20296 [egg-schedule]: register schedule D:\学海无涯\react--project（eggs）\project\-Node-React\node-server\node_server\node_modules\egg-logrotator\app\schedule\clean_log.js
2021-12-08 17:21:06,399 INFO 20296 [egg-schedule]: register schedule D:\学海无涯\react--project（eggs）\project\-Node-React\node-server\node_server\node_modules\egg-logrotator\app\schedule\rotate_by_file.js
2021-12-08 17:21:09,130 INFO 19748 [egg-schedule]: register schedule D:\学海无涯\react--project（eggs）\project\-Node-React\node-server\node_server\node_modules\egg-multipart\app\schedule\clean_tmpdir.js
2021-12-08 17:21:09,130 INFO 19748 [egg-schedule]: register schedule D:\学海无涯\react--project（eggs）\project\-Node-React\node-server\node_server\node_modules\egg-logrotator\app\schedule\clean_log.js
2021-12-08 17:21:09,130 INFO 19748 [egg-schedule]: register schedule D:\学海无涯\react--project（eggs）\project\-Node-React\node-server\node_server\node_modules\egg-logrotator\app\schedule\rotate_by_file.js
2021-12-08 17:22:24,353 INFO 4504 [egg-schedule]: register schedule D:\学海无涯\react--project（eggs）\project\-Node-React\node-server\node_server\node_modules\egg-multipart\app\schedule\clean_tmpdir.js
2021-12-08 17:22:24,353 INFO 4504 [egg-schedule]: register schedule D:\学海无涯\react--project（eggs）\project\-Node-React\node-server\node_server\node_modules\egg-logrotator\app\schedule\clean_log.js
2021-12-08 17:22:24,353 INFO 4504 [egg-schedule]: register schedule D:\学海无涯\react--project（eggs）\project\-Node-React\node-server\node_server\node_modules\egg-logrotator\app\schedule\rotate_by_file.js
2021-12-08 17:24:03,959 INFO 7964 [egg-schedule]: register schedule D:\学海无涯\react--project（eggs）\project\-Node-React\node-server\node_server\node_modules\egg-multipart\app\schedule\clean_tmpdir.js
2021-12-08 17:24:03,959 INFO 7964 [egg-schedule]: register schedule D:\学海无涯\react--project（eggs）\project\-Node-React\node-server\node_server\node_modules\egg-logrotator\app\schedule\clean_log.js
2021-12-08 17:24:03,959 INFO 7964 [egg-schedule]: register schedule D:\学海无涯\react--project（eggs）\project\-Node-React\node-server\node_server\node_modules\egg-logrotator\app\schedule\rotate_by_file.js
2021-12-08 17:25:16,946 INFO 12544 [egg-schedule]: register schedule D:\学海无涯\react--project（eggs）\project\-Node-React\node-server\node_server\node_modules\egg-multipart\app\schedule\clean_tmpdir.js
2021-12-08 17:25:16,946 INFO 12544 [egg-schedule]: register schedule D:\学海无涯\react--project（eggs）\project\-Node-React\node-server\node_server\node_modules\egg-logrotator\app\schedule\clean_log.js
2021-12-08 17:25:16,946 INFO 12544 [egg-schedule]: register schedule D:\学海无涯\react--project（eggs）\project\-Node-React\node-server\node_server\node_modules\egg-logrotator\app\schedule\rotate_by_file.js
2021-12-08 17:25:19,617 INFO 19532 [egg-schedule]: register schedule D:\学海无涯\react--project（eggs）\project\-Node-React\node-server\node_server\node_modules\egg-multipart\app\schedule\clean_tmpdir.js
2021-12-08 17:25:19,617 INFO 19532 [egg-schedule]: register schedule D:\学海无涯\react--project（eggs）\project\-Node-React\node-server\node_server\node_modules\egg-logrotator\app\schedule\clean_log.js
2021-12-08 17:25:19,618 INFO 19532 [egg-schedule]: register schedule D:\学海无涯\react--project（eggs）\project\-Node-React\node-server\node_server\node_modules\egg-logrotator\app\schedule\rotate_by_file.js
2021-12-08 17:27:52,414 INFO 19772 [egg-schedule]: register schedule D:\学海无涯\react--project（eggs）\project\-Node-React\node-server\node_server\node_modules\egg-multipart\app\schedule\clean_tmpdir.js
2021-12-08 17:27:52,414 INFO 19772 [egg-schedule]: register schedule D:\学海无涯\react--project（eggs）\project\-Node-React\node-server\node_server\node_modules\egg-logrotator\app\schedule\clean_log.js
2021-12-08 17:27:52,414 INFO 19772 [egg-schedule]: register schedule D:\学海无涯\react--project（eggs）\project\-Node-React\node-server\node_server\node_modules\egg-logrotator\app\schedule\rotate_by_file.js
2021-12-08 17:28:06,342 INFO 9000 [egg-schedule]: register schedule D:\学海无涯\react--project（eggs）\project\-Node-React\node-server\node_server\node_modules\egg-multipart\app\schedule\clean_tmpdir.js
2021-12-08 17:28:06,342 INFO 9000 [egg-schedule]: register schedule D:\学海无涯\react--project（eggs）\project\-Node-React\node-server\node_server\node_modules\egg-logrotator\app\schedule\clean_log.js
2021-12-08 17:28:06,342 INFO 9000 [egg-schedule]: register schedule D:\学海无涯\react--project（eggs）\project\-Node-React\node-server\node_server\node_modules\egg-logrotator\app\schedule\rotate_by_file.js
2021-12-08 17:30:18,854 INFO 19204 [egg-schedule]: register schedule D:\学海无涯\react--project（eggs）\project\-Node-React\node-server\node_server\node_modules\egg-multipart\app\schedule\clean_tmpdir.js
2021-12-08 17:30:18,854 INFO 19204 [egg-schedule]: register schedule D:\学海无涯\react--project（eggs）\project\-Node-React\node-server\node_server\node_modules\egg-logrotator\app\schedule\clean_log.js
2021-12-08 17:30:18,854 INFO 19204 [egg-schedule]: register schedule D:\学海无涯\react--project（eggs）\project\-Node-React\node-server\node_server\node_modules\egg-logrotator\app\schedule\rotate_by_file.js
2021-12-08 17:30:22,235 INFO 19488 [egg-schedule]: register schedule D:\学海无涯\react--project（eggs）\project\-Node-React\node-server\node_server\node_modules\egg-multipart\app\schedule\clean_tmpdir.js
2021-12-08 17:30:22,235 INFO 19488 [egg-schedule]: register schedule D:\学海无涯\react--project（eggs）\project\-Node-React\node-server\node_server\node_modules\egg-logrotator\app\schedule\clean_log.js
2021-12-08 17:30:22,235 INFO 19488 [egg-schedule]: register schedule D:\学海无涯\react--project（eggs）\project\-Node-React\node-server\node_server\node_modules\egg-logrotator\app\schedule\rotate_by_file.js
2021-12-08 17:32:29,040 INFO 18320 [egg-schedule]: register schedule D:\学海无涯\react--project（eggs）\project\-Node-React\node-server\node_server\node_modules\egg-multipart\app\schedule\clean_tmpdir.js
2021-12-08 17:32:29,040 INFO 18320 [egg-schedule]: register schedule D:\学海无涯\react--project（eggs）\project\-Node-React\node-server\node_server\node_modules\egg-logrotator\app\schedule\clean_log.js
2021-12-08 17:32:29,040 INFO 18320 [egg-schedule]: register schedule D:\学海无涯\react--project（eggs）\project\-Node-React\node-server\node_server\node_modules\egg-logrotator\app\schedule\rotate_by_file.js
2021-12-08 17:34:13,128 INFO 19240 [Timer] D:\学海无涯\react--project（eggs）\project\-Node-React\node-server\node_server\node_modules\egg-multipart\app\schedule\clean_tmpdir.js next time will execute after 39346877ms at 2021-12-09 04:30:00.005
2021-12-08 17:34:13,129 INFO 19240 [Timer] D:\学海无涯\react--project（eggs）\project\-Node-React\node-server\node_server\node_modules\egg-logrotator\app\schedule\clean_log.js next time will execute after 23146872ms at 2021-12-09 00:00:00.001
2021-12-08 17:34:13,129 INFO 19240 [Timer] D:\学海无涯\react--project（eggs）\project\-Node-React\node-server\node_server\node_modules\egg-logrotator\app\schedule\rotate_by_file.js next time will execute after 23147871ms at 2021-12-09 00:00:01.000
2021-12-08 17:34:12,555 INFO 17572 [egg-schedule]: register schedule D:\学海无涯\react--project（eggs）\project\-Node-React\node-server\node_server\node_modules\egg-multipart\app\schedule\clean_tmpdir.js
2021-12-08 17:34:12,555 INFO 17572 [egg-schedule]: register schedule D:\学海无涯\react--project（eggs）\project\-Node-React\node-server\node_server\node_modules\egg-logrotator\app\schedule\clean_log.js
2021-12-08 17:34:12,555 INFO 17572 [egg-schedule]: register schedule D:\学海无涯\react--project（eggs）\project\-Node-React\node-server\node_server\node_modules\egg-logrotator\app\schedule\rotate_by_file.js
2021-12-08 17:34:43,856 INFO 2020 [egg-schedule]: register schedule D:\学海无涯\react--project（eggs）\project\-Node-React\node-server\node_server\node_modules\egg-multipart\app\schedule\clean_tmpdir.js
2021-12-08 17:34:43,856 INFO 2020 [egg-schedule]: register schedule D:\学海无涯\react--project（eggs）\project\-Node-React\node-server\node_server\node_modules\egg-logrotator\app\schedule\clean_log.js
2021-12-08 17:34:43,857 INFO 2020 [egg-schedule]: register schedule D:\学海无涯\react--project（eggs）\project\-Node-React\node-server\node_server\node_modules\egg-logrotator\app\schedule\rotate_by_file.js
2021-12-08 17:40:32,046 INFO 20236 [egg-schedule]: register schedule D:\学海无涯\react--project（eggs）\project\-Node-React\node-server\node_server\node_modules\egg-multipart\app\schedule\clean_tmpdir.js
2021-12-08 17:40:32,046 INFO 20236 [egg-schedule]: register schedule D:\学海无涯\react--project（eggs）\project\-Node-React\node-server\node_server\node_modules\egg-logrotator\app\schedule\clean_log.js
2021-12-08 17:40:32,046 INFO 20236 [egg-schedule]: register schedule D:\学海无涯\react--project（eggs）\project\-Node-React\node-server\node_server\node_modules\egg-logrotator\app\schedule\rotate_by_file.js
2021-12-08 17:40:32,650 INFO 15540 [Timer] D:\学海无涯\react--project（eggs）\project\-Node-React\node-server\node_server\node_modules\egg-multipart\app\schedule\clean_tmpdir.js next time will execute after 38967357ms at 2021-12-09 04:30:00.007
2021-12-08 17:40:32,650 INFO 15540 [Timer] D:\学海无涯\react--project（eggs）\project\-Node-React\node-server\node_server\node_modules\egg-logrotator\app\schedule\clean_log.js next time will execute after 22767350ms at 2021-12-09 00:00:00.000
2021-12-08 17:40:32,651 INFO 15540 [Timer] D:\学海无涯\react--project（eggs）\project\-Node-React\node-server\node_server\node_modules\egg-logrotator\app\schedule\rotate_by_file.js next time will execute after 22768350ms at 2021-12-09 00:00:01.001
2021-12-08 17:46:34,866 INFO 4836 [Timer] D:\学海无涯\react--project（eggs）\project\-Node-React\node-server\node_server\node_modules\egg-multipart\app\schedule\clean_tmpdir.js next time will execute after 38605139ms at 2021-12-09 04:30:00.005
2021-12-08 17:46:34,866 INFO 4836 [Timer] D:\学海无涯\react--project（eggs）\project\-Node-React\node-server\node_server\node_modules\egg-logrotator\app\schedule\clean_log.js next time will execute after 22405134ms at 2021-12-09 00:00:00.000
2021-12-08 17:46:34,867 INFO 4836 [Timer] D:\学海无涯\react--project（eggs）\project\-Node-React\node-server\node_server\node_modules\egg-logrotator\app\schedule\rotate_by_file.js next time will execute after 22406133ms at 2021-12-09 00:00:01.000
2021-12-08 17:46:34,371 INFO 9612 [egg-schedule]: register schedule D:\学海无涯\react--project（eggs）\project\-Node-React\node-server\node_server\node_modules\egg-multipart\app\schedule\clean_tmpdir.js
2021-12-08 17:46:34,371 INFO 9612 [egg-schedule]: register schedule D:\学海无涯\react--project（eggs）\project\-Node-React\node-server\node_server\node_modules\egg-logrotator\app\schedule\clean_log.js
2021-12-08 17:46:34,372 INFO 9612 [egg-schedule]: register schedule D:\学海无涯\react--project（eggs）\project\-Node-React\node-server\node_server\node_modules\egg-logrotator\app\schedule\rotate_by_file.js
